2010-06-18 21:44:32|install|vim-plugin-devhelp|2.30.0-36.5|x86_64|root@uberhotty|GNOME:Factory(2.30)|e508d29b7466d51ee205bdbc923ab960f26e727082c6fb34327e53a4b2e76316
2010-06-18 21:44:34|install|libxklavier16|5.0-3.3|x86_64||GNOME:Factory(2.30)|25e3ba95e983df7cbd6236a200fbb524f5a93094d33254f4a4c14fd1febd4b0a
2010-06-18 21:44:37|install|libgupnp-igd-1_0-3|0.1.6-3.3|x86_64||GNOME:Factory(2.30)|14a9662ba597278716c0d6d3b2b4ea1df1be5e9ac8c054b785c51531364fe6b2
2010-06-18 21:44:39|install|libgp11-0|2.30.1-78.6|x86_64||GNOME:Factory(2.30)|7bd38e1b8c494f68c1c70abd6b302be9f56f1b43a94508d56f5a3adaca427381
2010-06-18 21:44:43|install|libidl|0.8.14-14.3|x86_64|root@uberhotty|GNOME:Factory(2.30)|feb4ff30561fbe7362b69551bf3bee6d92f44b5b56e909b92df1617337c58032
2010-06-18 21:44:46|install|libart_lgpl|2.3.21-9.1|x86_64|root@uberhotty|GNOME:Factory(2.30)|61937d6be66d410e0150b28286670f81cdc40f317e959315856ed4b47aaa92b3
2010-06-18 21:44:48|install|gedit-plugin-devhelp|2.30.0-36.5|x86_64|root@uberhotty|GNOME:Factory(2.30)|3965174ae8dafa924b4fa4908924268cc5bb37e58d5b1e162c6878826ae365c3
2010-06-18 21:44:51|install|audiofile|0.2.7-7.1|x86_64|root@uberhotty|GNOME:Factory(2.30)|26ca61bc81f80c19e7a842557647646f662cca84d0d8203d1064b5342225c56d
2010-06-18 21:44:55|install|libgnomeprintui-lang|2.18.5-18.2|noarch||GNOME:Factory(2.30)|6b8138d9bcc9a6f0c43930ce202d0eee9b10920acf8387a3b51102b8c651409f
2010-06-18 21:44:58|install|libbonoboui-lang|2.24.3-20.4|noarch||GNOME:Factory(2.30)|1ebd7a3ecde98a184430246a2738225000132eb407340a93e1b4fce416c39d18
2010-06-18 21:45:01|install|libgnomecanvas-lang|2.30.1-15.2|noarch||GNOME:Factory(2.30)|614a8731a36fad98dd2ecf63a5248f0fe124c574f6025a1d4fe5688a7221119d
2010-06-18 21:45:04|install|libgnomeui-lang|2.24.3-28.2|noarch||GNOME:Factory(2.30)|aa8909669bba379bf94fbf1320f91cd780f1440013678875e2df45d0dfe3021a
2010-06-18 21:45:07|install|libbonobo-lang|2.24.3-26.2|noarch||GNOME:Factory(2.30)|4af9e0447207a38a6d9b6bbef4381ec5c49753c485fbcf70d3ec8b7a9a3c4857
2010-06-18 21:45:09|install|libgnomeprint-lang|2.18.7-15.2|noarch||GNOME:Factory(2.30)|b769a6e33a2ca3a321fb403ab1b301981e2fe4722771832e546cee7a08c8ea79
2010-06-18 21:45:13|install|libgnome-lang|2.30.0-25.3|noarch||GNOME:Factory(2.30)|10a9e3cf8db2d991f65bb6cbc1c08984bec3593d5d80a0309cb531d1221f93c0
2010-06-18 21:45:16|install|gvfs-lang|1.6.1-76.1|noarch|root@uberhotty|GNOME:Factory(2.30)|e9fe000d43e98bb1aa6a17c2e95d5b0a367b88668caae2c01211c782065ddb1e
2010-06-18 21:45:19|install|gtk2-engines-lang|2.20.1-48.2|noarch|root@uberhotty|GNOME:Factory(2.30)|510e8dd9cf5cc0d1607123039ee239fe59561905a8c020512cd50babe0f3c58d
2010-06-18 21:45:25|install|gconf2-lang|2.28.1-56.1|noarch||GNOME:Factory(2.30)|7f9ed77fed8c889dcbe2c5370baa465ba157464577b360ac1c1a10e43e2370f8
2010-06-18 21:45:27|install|libgnome-keyring-lang|2.30.1-9.1|noarch||GNOME:Factory(2.30)|e5be694560d76944a09a744fd7ca749b6b2c50357f491e324f1b875d0510648e
2010-06-18 21:45:30|install|gnome-mime-data|2.18.0-284.1|noarch|root@uberhotty|GNOME:Factory(2.30)|2c0f34a1c0eccf6ebfe13228e5910f29e6704bd458aa71930c41d595b194155d
2010-06-18 21:45:36|install|gnome-vfs2-lang|2.24.3-28.4|noarch|root@uberhotty|GNOME:Factory(2.30)|9d78ff16c803a5067ae16f6c2aa902873c74000828510be662e13d4816926cc8
2010-06-18 21:45:39|install|libgnomekbd-lang|2.30.1-33.1|noarch|root@uberhotty|GNOME:Factory(2.30)|6dcb142977f45f0f13637ac62d0e334efa20a8f5c3aa294e579fa88a6b6ec6d8
2010-06-18 21:45:42|install|devhelp-lang|2.30.0-36.5|noarch|root@uberhotty|GNOME:Factory(2.30)|2bd3007675364255f7a84859eabce8f18c2960d2c4b388772e9fbd296c34b0ad
2010-06-18 21:45:45|install|libgda-4_0-4-lang|4.1.4-40.30|noarch||GNOME:Factory(2.30)|b4a53b8dbfe738a8437bfc3975aacdc13078685b0f5b232dc754610eeaea71ce
2010-06-18 21:45:48|install|gnome-keyring-lang|2.30.1-78.6|noarch|root@uberhotty|GNOME:Factory(2.30)|0cf1056fc9b3885548df0145c7c862a7703ca8d1cb4d7b66e801505870fc40d9
2010-06-18 21:45:59|install|gtk2-lang|2.20.1-94.10|noarch|root@uberhotty|GNOME:Factory(2.30)|be83dc5beb2fa268ebdc2dbf80fdb0d8b871797444015db99aacc2b254341fea
2010-06-18 21:51:00|install|orbit2|2.14.18-19.3|x86_64|root@uberhotty|GNOME:Factory(2.30)|62edb2dc8372b4903c992b96868f01676d7345d21af21665c55defaf6674340f
2010-06-18 21:51:02|install|libidl-devel|0.8.14-14.3|x86_64|root@uberhotty|GNOME:Factory(2.30)|3a1fd1058e84490790ff8fb9035423032039bcb41446e3353cd264123ea64227
2010-06-18 21:51:05|install|libgp11-modules|2.30.1-78.6|x86_64||GNOME:Factory(2.30)|8c73a16ecc64dbf0443ef6e79db489c136751330b1d37b89fcc65e36ecc44b98
2010-06-18 21:51:08|install|libgnomeprint|2.18.7-15.2|x86_64|root@uberhotty|GNOME:Factory(2.30)|710ad9ed258bec7cf94147f721c763bdc67e18d62dae47b8d254c72004e74c11
2010-06-18 21:51:11|install|libgnome-keyring0|2.30.1-9.1|x86_64||GNOME:Factory(2.30)|f25bd8b3aa2c83326590ea99af43b93540d35415baa33266abeac01ff5fb46c3
2010-06-18 21:51:13|install|libart_lgpl-devel|2.3.21-9.1|x86_64|root@uberhotty|GNOME:Factory(2.30)|fbb565fc21c8e7dd43a7a825ccf940c7eac92f2b59f39a9a2401857741ef51b8
2010-06-18 21:51:19|install|libgda-4_0-4|4.1.4-40.30|x86_64|root@uberhotty|GNOME:Factory(2.30)|feb434580f6e4f20a2fa819eb97bafd9d882f69d1ad3fc7451525ae530d8ce58
2010-06-18 21:51:21|install|audiofile-devel|0.2.7-7.1|x86_64|root@uberhotty|GNOME:Factory(2.30)|ac94cc49379261d75c4438a72fb0bc0cc047693acf9871d15d1ab8357a090aed
2010-06-18 21:55:46|install|orbit2-devel|2.14.18-19.3|x86_64|root@uberhotty|GNOME:Factory(2.30)|8761d50afeac18551791b1439342682bacff1f92aad3a358187bf0abc6330be1
2010-06-18 21:55:48|install|libgnomeprint-devel|2.18.7-15.2|x86_64|root@uberhotty|GNOME:Factory(2.30)|63ad0b67c551eb4dc94e4d68b308c59e4487e643f4e9b9d77cf48c14d56de346
2010-06-18 21:55:51|install|libgnome-keyring-devel|2.30.1-9.1|x86_64||GNOME:Factory(2.30)|101695e57355b7ac6da8783c311602bc2bb68eaa5b72d4b1088b9ab5b3629471
2010-06-18 21:55:53|install|libgda-4_0-jdbc|4.1.4-40.30|x86_64|root@uberhotty|GNOME:Factory(2.30)|9ca453663455007dfba0a2edcdab69f99ac9c0172419a65357d0029a1b3b6182
2010-06-18 21:55:56|install|libgda-4_0-sqlite|4.1.4-40.30|x86_64|root@uberhotty|GNOME:Factory(2.30)|bf706c44e78a77b94f9d9d4c554315694c9a9bb446f3d4b09d3bb10566b41d44
2010-06-18 21:55:59|install|libgda-4_0-mysql|4.1.4-40.30|x86_64|root@uberhotty|GNOME:Factory(2.30)|e445fb45f0f29b2be24ee1f94e1fd5523f542ad554e61c0d1f724b948926aef5
2010-06-18 21:56:01|install|libgda-4_0-postgres|4.1.4-40.30|x86_64|root@uberhotty|GNOME:Factory(2.30)|a025b1bfaae36e2fec02feb5e1a10911f5397cea1cfd6bad946416a2362e9471
2010-06-18 21:56:03|install|libgda-4_0-bdb|4.1.4-40.30|x86_64||GNOME:Factory(2.30)|aa8457ab37ccfc1c47e6869fa4957b843a18d9664f969588fbb96008c1c24db7
2010-06-18 21:56:07|install|libbonobo|2.24.3-26.2|x86_64|root@uberhotty|GNOME:Factory(2.30)|25a1cae14b791f18b03111524eaa9395f4ee0693cce25387950e4fb8ab943a73
2010-06-18 21:56:09|install|libesd-devel|0.2.41-11.1|x86_64|root@uberhotty|GNOME:Factory(2.30)|284d1a430d87e3d659dc19c55a901dc4e8f3a3a76e819e475a53a12f0a2bdf51
2010-06-18 21:56:13|install|glibmm2|2.24.2-50.1|x86_64|root@uberhotty|GNOME:Factory(2.30)|f86b3bc4b13b7ccba32c5300745c927c3b07378085db310f5f27e5748162caff
2010-06-18 21:56:51|install|gconf2|2.28.1-56.1|x86_64|root@uberhotty|GNOME:Factory(2.30)|e4a017846319254d3982ede254d437e07c282a0b37db94aa582ded5c1854a10b
2010-06-18 21:59:27|install|libxml++-2_6-2|2.30.1-26.1|x86_64||GNOME:Factory(2.30)|b477755775093cb472e063b1427217782253fb95c313e892fdd61dd8f12f5dfc
2010-06-18 21:59:29|install|libpangomm-1_4-1|2.26.2-23.1|x86_64|root@uberhotty|GNOME:Factory(2.30)|aeada548d35b657ffad081dd2a80a7aeb62b374a63cdc586c065a3df88638640
2010-06-18 21:59:33|install|libgstfarsight-0_10-0|0.0.17-31.3|x86_64|root@uberhotty|GNOME:Factory(2.30)|3b916dae357547022e0d064bbd0bbea1f2b3a0fcd7d26de9083a11a2db66a2a9
2010-06-18 21:59:35|install|libbonobo-devel|2.24.3-26.2|x86_64|root@uberhotty|GNOME:Factory(2.30)|dbf2aadc262c21da41f73ed4be59d677bf55e6fab41723788d4c5b1cb83b7e6e
2010-06-18 22:00:10|install|gnome-vfs2|2.24.3-28.4|x86_64|root@uberhotty|GNOME:Factory(2.30)|1befe7f36018c08313f3f50bf7afc6161496e270f2ed61e0e980929bcb9dd0ea
2010-06-18 22:00:24|install|glibmm2-devel|2.24.2-50.1|x86_64|root@uberhotty|GNOME:Factory(2.30)|77fcde45ec65c9606096530a0ae4b42df8f22c6ac63f58cbf447c14d0f39b1ac
2010-06-18 22:00:27|install|gvfs|1.6.1-76.1|x86_64|root@uberhotty|GNOME:Factory(2.30)|a3fb34c9ac3571fbd4119674fad24ed9aa2f59e0b45e5df0012d6d82f1528d5b
2010-06-18 22:00:45|install|gtk2|2.20.1-94.10|x86_64|root@uberhotty|GNOME:Factory(2.30)|61037e97011d4d1e04c56df3d22a990382e47dc4bf3ca59d372e2e27686fd7b4
2010-06-18 22:00:47|install|gconf2-devel|2.28.1-56.1|x86_64|root@uberhotty|GNOME:Factory(2.30)|09b71624202d74fa472f0e62f73addeb28f952683bee76e40dada12594d87ac3
2010-06-18 22:00:49|install|gconf-polkit|2.28.1-56.1|x86_64||GNOME:Factory(2.30)|876a5d05e919a19370ea89b66bc28c9f3d7cb0899f482d197b69169266f046d4
2010-06-18 22:02:55|install|pangomm-devel|2.26.2-23.1|x86_64|root@uberhotty|GNOME:Factory(2.30)|73c74d53b7ce9156891e52e45bc90baaddad219d93b405edb634691718a5a805
2010-06-18 22:02:59|install|libxml++-devel|2.30.1-26.1|x86_64|root@uberhotty|GNOME:Factory(2.30)|797acb08dbbce0038dfcbde4dba7919b93acb42ce6cd2a343c8d8e13eec886c3
2010-06-18 22:03:02|install|libgvfscommon0|1.6.1-76.1|x86_64|root@uberhotty|GNOME:Factory(2.30)|6a8980e5ef21e3a9b3f6b818fdcb7fae3a0ee239bea3ce40d1be97af63ed2727
2010-06-18 22:03:04|install|libgnomevfsmm-2_6-1|2.26.0-5.3|x86_64|root@uberhotty|GNOME:Factory(2.30)|592064ffb7788f12f4ecfa4d1aa60fb8096003010ac6422e422ce49775745e67
2010-06-18 22:03:38|install|libgnome|2.30.0-25.3|x86_64|root@uberhotty|GNOME:Factory(2.30)|3632f369dbd4c10585bd7f5bb1d18e0c2d0a606334e578cefc0d2c36a410aef6
2010-06-18 22:03:42|install|libgnomecanvas|2.30.1-15.2|x86_64|root@uberhotty|GNOME:Factory(2.30)|9a9b99c5c732dc8c5c40310f0a94a39ca49d1f0f9abe5176f9a43d9010500d3b
2010-06-18 22:04:13|install|libgnomekbd|2.30.1-33.1|x86_64|root@uberhotty|GNOME:Factory(2.30)|a36bee0457b845f381f61fc64529e10f793f6cb27215fa2802a3f2564f64cf46
2010-06-18 22:04:16|install|libgda-ui-4_0-4|4.1.4-40.30|x86_64|root@uberhotty|GNOME:Factory(2.30)|50c4161e57e5b4a1ec2f2e5ced72bafd5b89b3e33b20e1a1a2214ee113d277a3
2010-06-18 22:04:19|install|libgcr0|2.30.1-78.6|x86_64||GNOME:Factory(2.30)|12215c0abea995c35b58c881c67aae8def468c9e72c72ac3bbca0c35321776ab
2010-06-18 22:04:21|install|gvfs-devel|1.6.1-76.1|x86_64|root@uberhotty|GNOME:Factory(2.30)|00d2278971b6c0f40dc0a1ad40c64977a36a212708d500e5bdc15887a694ac2f
2010-06-18 22:04:24|install|gtk2-engines|2.20.1-48.2|x86_64|root@uberhotty|GNOME:Factory(2.30)|66314f94bf31874447c704372db83bbca3c2e6e79f901c5339594521bcad831b
2010-06-18 22:04:26|install|gnome-vfs2-devel|2.24.3-28.4|x86_64|root@uberhotty|GNOME:Factory(2.30)|befb42cc82068973c5bfa00c342cbd346c663e17c4f83f869058dda2ed5a4465
2010-06-18 22:04:36|install|gtk2-devel|2.20.1-94.10|x86_64|root@uberhotty|GNOME:Factory(2.30)|66bdf5449f1492ef9f2f2dbb57446059a5074dbff7be3646803922977832ab9e
2010-06-18 22:04:41|install|farsight2-devel|0.0.17-31.3|x86_64|root@uberhotty|GNOME:Factory(2.30)|c61a7328ffdb8de927e2a687c5dea2892729daaaf3e200cde403ba2c9d43bde5
2010-06-18 22:04:47|install|gtkmm2|2.20.3-50.1|x86_64|root@uberhotty|GNOME:Factory(2.30)|9d5f3902364655d22778eff308165b9ae36228fd8b89e9af3c18cb926881f658
2010-06-18 22:05:15|install|devhelp|2.30.0-36.5|x86_64|root@uberhotty|GNOME:Factory(2.30)|435e6abbb400916e25afae1f9fbcd13545ab145fd709c8fae016b0d95f164835
2010-06-18 22:07:45|install|libgnomecanvasmm|2.26.0-5.5|x86_64|root@uberhotty|GNOME:Factory(2.30)|5b8ddd4de9756425fa3341997286cb656fbef9f6e2a8fcd62d4e85e8f12b4dc5
2010-06-18 22:07:47|install|libgnomemm|2.30.0-10.2|x86_64|root@uberhotty|GNOME:Factory(2.30)|d017487dac7643503567c4eabafc0a04ed8b3bc051b60160e0b1d46aa75bc270
2010-06-18 22:07:49|install|libgnomecanvas-devel|2.30.1-15.2|x86_64|root@uberhotty|GNOME:Factory(2.30)|11773a747cc887d20ffe1766d094aa1a349f9be61fd4965bdc96310b9b0ac98a
2010-06-18 22:07:52|install|libgnome-devel|2.30.0-25.3|x86_64|root@uberhotty|GNOME:Factory(2.30)|e9123345285ddb7803dea950f55b732bdb83042004a38ab34fe63b1d9a124a82
2010-06-18 22:07:54|install|libgda-ui-4_0-plugins|4.1.4-40.30|x86_64|root@uberhotty|GNOME:Factory(2.30)|a379fb14fb2817bb9b673fa17c2d83e79b39857a78109dcd245e37efe84655e9
2010-06-18 22:07:56|install|libglade2-devel|2.6.4-7.4|x86_64|root@uberhotty|GNOME:Factory(2.30)|95b050f7ffd07368a8e4d7fbe2fe39bb860d7b18c25004c3209f5938eec85d30
2010-06-18 22:07:59|install|libbonoboui|2.24.3-20.4|x86_64|root@uberhotty|GNOME:Factory(2.30)|0eeac458e6645d19b5027bc22c242c9280efc2d8fd3597f0beaec6e5d5398652
2010-06-18 22:08:03|install|libgda-4_0|4.1.4-40.30|x86_64|root@uberhotty|GNOME:Factory(2.30)|e35e7a3d3c581c20c3eee7f0a05e1b054047bc796b57ab07f71f8775b9ed4ffe
2010-06-18 22:08:05|install|gvfs-fuse|1.6.1-76.1|x86_64|root@uberhotty|GNOME:Factory(2.30)|830214a2ee7b0e986a8a40d8d82664be231e29b56a842746b9f8e5b028812f0b
2010-06-18 22:08:09|install|gvfs-backends|1.6.1-76.1|x86_64|root@uberhotty|GNOME:Factory(2.30)|b8954560dcf029c2b42ddf8f27c752f08b90fc58c204a168efb6ac25fa8a38aa
2010-06-18 22:08:11|install|gnome-vfsmm|2.26.0-5.3|x86_64|root@uberhotty|GNOME:Factory(2.30)|33e3af4847a5f840bc84a87b321c9ac68efe7a56f532c33be974848863961139
2010-06-18 22:08:15|install|gtkmm2-devel|2.20.3-50.1|x86_64|root@uberhotty|GNOME:Factory(2.30)|1cd6c9f711425d37340fac7c431fccb0658e72bece1fd9c8b64b02b44d48b0e8
2010-06-18 22:08:45|install|gnome-keyring|2.30.1-78.6|x86_64|root@uberhotty|GNOME:Factory(2.30)|45dd19702e4b14bb1d8f5be722b0edc002c482be15ce1b2cffcbe796f1684705
2010-06-18 22:09:50|install|libgnomecanvasmm-devel|2.26.0-5.5|x86_64|root@uberhotty|GNOME:Factory(2.30)|87e79f05c04698c42c168c5bfed94d999d3bee3343bdb72bb4305c5d91e28806
2010-06-18 22:09:52|install|libgnomemm-devel|2.30.0-10.2|x86_64|root@uberhotty|GNOME:Factory(2.30)|6c9ccefa4f7b3bf593c1c50adc5784276e504680f6b00b2f587194414a290f44
2010-06-18 22:09:55|install|libgnomeui|2.24.3-28.2|x86_64|root@uberhotty|GNOME:Factory(2.30)|1c916374f0c550dc8aa2048858d1512894c411b14ad1481028cb94770ba36aad
2010-06-18 22:09:58|install|libgnomeprintui|2.18.5-18.2|x86_64|root@uberhotty|GNOME:Factory(2.30)|5f095d50b660809f01418d9bb3af1078e946a0a6ec52f74fae3ed21a19e550cb
2010-06-18 22:10:00|install|libglademm-devel|2.6.7-13.1|x86_64|root@uberhotty|GNOME:Factory(2.30)|7c935c9e676e220ab5e9da127000f0d83ac6cb5adb35279d9f773b56054df3b6
2010-06-18 22:10:02|install|libbonoboui-devel|2.24.3-20.4|x86_64|root@uberhotty|GNOME:Factory(2.30)|0b51ed37e60875bfb18ffbc3ad8659deac88df92805e0725e4f950b7a8876e04
2010-06-18 22:10:04|install|gnome-vfsmm-devel|2.26.0-5.3|x86_64|root@uberhotty|GNOME:Factory(2.30)|f8b737ee0f903ca72305f6c0e9473111928a648782d9a0e6d0ec16642a8fcf73
2010-06-18 22:10:07|install|gnome-keyring-pam|2.30.1-78.6|x86_64|root@uberhotty|GNOME:Factory(2.30)|2023d81ed38d915611adeb6844ffbfed1d74966b2ed247c89be35dec9b74ac7b
2010-06-18 22:10:09|install|gnome-applets-gdm|2.30.2-129.2|x86_64|root@uberhotty|GNOME:Factory(2.30)|bc018660d55ec8ab5009c506ff400004b3b353c0b2f78ada40f37754fc1658b4
2010-06-18 22:10:12|install|gconfmm-devel|2.28.0-5.3|x86_64|root@uberhotty|GNOME:Factory(2.30)|9cbf9389d06216e1d914cc6345c1cae6a11f21f1ab0a09c9f0524e88359f04c6
2010-06-18 22:10:29|install|python-gnome-extras|2.25.3-33.61|x86_64|root@uberhotty|GNOME:Factory(2.30)|0aea91480fdee0422e553d007e79a4fa74122788d818a2769c171a6820428236
2010-06-18 22:10:31|install|libgnomeuimm|2.28.0-5.5|x86_64|root@uberhotty|GNOME:Factory(2.30)|6bcf9a7357c75dae099fb716f7894d198d7bfca885cd017d668823a033bef0b1
2010-06-18 22:10:33|install|libgnomeprintui-devel|2.18.5-18.2|x86_64|root@uberhotty|GNOME:Factory(2.30)|19993d661a98fd08165f6033425e969ffa8fb37a16a1c8a2bd511bd7d95eb59c
2010-06-18 22:10:36|install|libgnomeui-devel|2.24.3-28.2|x86_64|root@uberhotty|GNOME:Factory(2.30)|f12c354956d73d58c575aa4a8d9acf3bb65e639749ee3d9120ac3a7e2e3265a7
2010-06-18 22:10:39|install|glade3|3.7.0-39.2|x86_64|root@uberhotty|GNOME:Factory(2.30)|01c57ec27d931a1bb2ab0202452a8a279e8a1324c1ddc2e7f6aad44db008d3d4
2010-06-18 22:10:42|install|libgnomeui-doc|2.24.3-28.2|noarch||GNOME:Factory(2.30)|f9ea19847ba6e940be57f1a7f7c6edb10fdee28859102061db566475cb498818
2010-06-18 22:10:45|install|python-ccm|0.8.4-16.1|noarch||X11:Compiz|12c3496e345f2ac675dce47f3514fdd78c25194b23af257767f07a8f565ddd19
2010-06-18 22:10:48|install|libgnomeuimm-devel|2.28.0-5.5|x86_64|root@uberhotty|GNOME:Factory(2.30)|ef33845d8e2bed85b55d2ec5007930b3012bf53340159ac03d13eba35cff60c2
2010-06-18 22:10:54|install|glade3-lang|3.7.0-39.2|noarch||GNOME:Factory(2.30)|c996c190341f4e5a308fbd7f22a5af69962471971acd31f88c61f7016600842b
2010-06-18 22:11:02|install|libgladeui-1-9|3.7.0-39.2|x86_64|root@uberhotty|GNOME:Factory(2.30)|3a7f469e90b126d2b6eb833ff5114aeca07db2d652fe8e3c5b5d5a5b7aae1757
